<?xml version="1.0" encoding="UTF-8"?>
<TestRun id="41db178a-94e7-45e2-9d82-e21cd3283b65" name="cbrannstrom@MILAP003 2012-05-21 09:02:57" runUser="LEADMARKET\cbrannstrom" xmlns="http://microsoft.com/schemas/VisualStudio/TeamTest/2010">
  <TestSettings name="Default Test Settings" id="2b4717b8-ad82-4a23-914c-5575db0d74b8">
    <Deployment runDeploymentRoot="cbrannstrom_MILAP003 2012-05-21 09_02_57">
      <DeploymentItem filename="C:\Users\cbrannstrom\git\Molibar.Mini\Molibar.Mini\bin\Molibar.Mini.dll" />
    </Deployment>
    <Execution>
      <TestTypeSpecific />
      <AgentRule name="Execution Agents">
      </AgentRule>
    </Execution>
  </TestSettings>
  <Times creation="2012-05-21T09:02:57.1167907+01:00" queuing="2012-05-21T09:02:58.1458496+01:00" start="2012-05-21T09:02:58.1908522+01:00" finish="2012-05-21T09:02:58.5008699+01:00" />
  <ResultSummary outcome="Completed">
    <Counters total="2" executed="2" passed="2" error="0" failed="0" timeout="0" aborted="0" inconclusive="0" passedButRunAborted="0" notRunnable="0" notExecuted="0" disconnected="0" warning="0" completed="0" inProgress="0" pending="0" />
  </ResultSummary>
  <TestDefinitions>
    <UnitTest name="About" storage="c:\users\cbrannstrom\git\molibar.mini\molibar.mini.tests\bin\debug\molibar.mini.tests.dll" id="f370b21c-ef1a-43ed-aa74-ce5f01cc4f1d">
      <Execution id="663f1529-2b9d-4437-be93-168ab1b810e2" />
      <TestMethod codeBase="C:/Users/cbrannstrom/git/Molibar.Mini/Molibar.Mini.Tests/bin/Debug/Molibar.Mini.Tests.DLL" adapterTypeName="Microsoft.VisualStudio.TestTools.TestTypes.Unit.UnitTestAdapter, Microsoft.VisualStudio.QualityTools.Tips.UnitTest.Adapter, Version=10.0.0.0, Culture=neutral, PublicKeyToken=b03f5f7f11d50a3a" className="Molibar.Mini.Tests.Controllers.HomeControllerTest, Molibar.Mini.Tests, Version=1.0.0.0, Culture=neutral, PublicKeyToken=null" name="About" />
    </UnitTest>
    <UnitTest name="Index" storage="c:\users\cbrannstrom\git\molibar.mini\molibar.mini.tests\bin\debug\molibar.mini.tests.dll" id="818486d4-6a7d-ce32-303d-786dd0e8be9e">
      <Execution id="73c0aee3-c54f-4524-8ec0-e07f79740a19" />
      <TestMethod codeBase="C:/Users/cbrannstrom/git/Molibar.Mini/Molibar.Mini.Tests/bin/Debug/Molibar.Mini.Tests.DLL" adapterTypeName="Microsoft.VisualStudio.TestTools.TestTypes.Unit.UnitTestAdapter, Microsoft.VisualStudio.QualityTools.Tips.UnitTest.Adapter, Version=10.0.0.0, Culture=neutral, PublicKeyToken=b03f5f7f11d50a3a" className="Molibar.Mini.Tests.Controllers.HomeControllerTest, Molibar.Mini.Tests, Version=1.0.0.0, Culture=neutral, PublicKeyToken=null" name="Index" />
    </UnitTest>
  </TestDefinitions>
  <TestLists>
    <TestList name="Results Not in a List" id="8c84fa94-04c1-424b-9868-57a2d4851a1d" />
    <TestList name="All Loaded Results" id="19431567-8539-422a-85d7-44ee4e166bda" />
  </TestLists>
  <TestEntries>
    <TestEntry testId="818486d4-6a7d-ce32-303d-786dd0e8be9e" executionId="73c0aee3-c54f-4524-8ec0-e07f79740a19" testListId="8c84fa94-04c1-424b-9868-57a2d4851a1d" />
    <TestEntry testId="f370b21c-ef1a-43ed-aa74-ce5f01cc4f1d" executionId="663f1529-2b9d-4437-be93-168ab1b810e2" testListId="8c84fa94-04c1-424b-9868-57a2d4851a1d" />
  </TestEntries>
  <Results>
    <UnitTestResult executionId="73c0aee3-c54f-4524-8ec0-e07f79740a19" testId="818486d4-6a7d-ce32-303d-786dd0e8be9e" testName="Index" computerName="MILAP003" duration="00:00:00.0617145" startTime="2012-05-21T09:02:58.2098533+01:00" endTime="2012-05-21T09:02:58.4778686+01:00" testType="13cdc9d9-ddb5-4fa4-a97d-d965ccfc6d4b" outcome="Passed" testListId="8c84fa94-04c1-424b-9868-57a2d4851a1d" relativeResultsDirectory="73c0aee3-c54f-4524-8ec0-e07f79740a19">
    </UnitTestResult>
    <UnitTestResult executionId="663f1529-2b9d-4437-be93-168ab1b810e2" testId="f370b21c-ef1a-43ed-aa74-ce5f01cc4f1d" testName="About" computerName="MILAP003" duration="00:00:00.0002649" startTime="2012-05-21T09:02:58.4798687+01:00" endTime="2012-05-21T09:02:58.4818688+01:00" testType="13cdc9d9-ddb5-4fa4-a97d-d965ccfc6d4b" outcome="Passed" testListId="8c84fa94-04c1-424b-9868-57a2d4851a1d" relativeResultsDirectory="663f1529-2b9d-4437-be93-168ab1b810e2">
    </UnitTestResult>
  </Results>
</TestRun>